TN:
SF:/home/doc/files/tools/cpachecker/submission_files/../fork/my-programs/my-crafted/small.c
FN:128,push
#FN:146
FN:148,pop
#FN:164
FN:37,__VERIFIER_assert
#FN:42
FN:166,harness
#FN:193
FN:104,init
#FN:112
FN:195,main
#FN:206
FNDA:1,pop
FNDA:1,init
FNDA:1,harness
FNDA:1,main
DA:16,0
DA:17,0
DA:19,0
DA:26,1
DA:27,1
DA:28,1
DA:29,1
DA:32,1
DA:33,1
DA:34,1
DA:35,1437
DA:36,717
DA:42,0
DA:44,0
DA:45,0
DA:46,0
DA:48,0
DA:50,0
DA:51,0
DA:52,0
DA:54,0
DA:55,0
DA:58,0
DA:62,1
DA:63,1
DA:64,0
DA:66,0
DA:67,0
DA:68,0
DA:70,0
DA:71,0
DA:74,0
DA:76,0
DA:81,1
DA:83,1
DA:84,1
DA:85,3
DA:86,2
DA:87,2
DA:89,0
DA:90,0
DA:91,0
DA:96,1
DA:97,1
DA:111,2
DA:112,2
DA:113,0
DA:115,2
DA:118,1
end_of_record
